0 info it worked if it ends with ok
1 verbose cli [ '/usr/bin/node', '/usr/bin/npm', 'install' ]
2 info using npm@3.10.10
3 info using node@v6.12.3
4 silly loadCurrentTree Starting
5 silly install loadCurrentTree
6 silly install readLocalPackageData
7 silly install normalizeTree
8 silly loadCurrentTree Finishing
9 silly loadIdealTree Starting
10 silly install loadIdealTree
11 silly cloneCurrentTree Starting
12 silly install cloneCurrentTreeToIdealTree
13 silly cloneCurrentTree Finishing
14 silly loadShrinkwrap Starting
15 silly install loadShrinkwrap
16 silly loadShrinkwrap Finishing
17 silly loadAllDepsIntoIdealTree Starting
18 silly install loadAllDepsIntoIdealTree
19 silly fetchNamedPackageData bootstrap
20 silly mapToRegistry name bootstrap
21 silly mapToRegistry using default registry
22 silly mapToRegistry registry https://registry.npmjs.org/
23 silly mapToRegistry data Result {
23 silly mapToRegistry   raw: 'bootstrap',
23 silly mapToRegistry   scope: null,
23 silly mapToRegistry   escapedName: 'bootstrap',
23 silly mapToRegistry   name: 'bootstrap',
23 silly mapToRegistry   rawSpec: '',
23 silly mapToRegistry   spec: 'latest',
23 silly mapToRegistry   type: 'tag' }
24 silly mapToRegistry uri https://registry.npmjs.org/bootstrap
25 silly fetchNamedPackageData font-awesome
26 silly mapToRegistry name font-awesome
27 silly mapToRegistry using default registry
28 silly mapToRegistry registry https://registry.npmjs.org/
29 silly mapToRegistry data Result {
29 silly mapToRegistry   raw: 'font-awesome',
29 silly mapToRegistry   scope: null,
29 silly mapToRegistry   escapedName: 'font-awesome',
29 silly mapToRegistry   name: 'font-awesome',
29 silly mapToRegistry   rawSpec: '',
29 silly mapToRegistry   spec: 'latest',
29 silly mapToRegistry   type: 'tag' }
30 silly mapToRegistry uri https://registry.npmjs.org/font-awesome
31 silly fetchNamedPackageData jquery
32 silly mapToRegistry name jquery
33 silly mapToRegistry using default registry
34 silly mapToRegistry registry https://registry.npmjs.org/
35 silly mapToRegistry data Result {
35 silly mapToRegistry   raw: 'jquery',
35 silly mapToRegistry   scope: null,
35 silly mapToRegistry   escapedName: 'jquery',
35 silly mapToRegistry   name: 'jquery',
35 silly mapToRegistry   rawSpec: '',
35 silly mapToRegistry   spec: 'latest',
35 silly mapToRegistry   type: 'tag' }
36 silly mapToRegistry uri https://registry.npmjs.org/jquery
37 silly fetchNamedPackageData jquery.easing
38 silly mapToRegistry name jquery.easing
39 silly mapToRegistry using default registry
40 silly mapToRegistry registry https://registry.npmjs.org/
41 silly mapToRegistry data Result {
41 silly mapToRegistry   raw: 'jquery.easing',
41 silly mapToRegistry   scope: null,
41 silly mapToRegistry   escapedName: 'jquery.easing',
41 silly mapToRegistry   name: 'jquery.easing',
41 silly mapToRegistry   rawSpec: '',
41 silly mapToRegistry   spec: 'latest',
41 silly mapToRegistry   type: 'tag' }
42 silly mapToRegistry uri https://registry.npmjs.org/jquery.easing
43 verbose request uri https://registry.npmjs.org/font-awesome
44 verbose request no auth needed
45 info attempt registry request try #1 at 17:50:02
46 verbose request id c78300b15e8efbcb
47 verbose etag "5ab161cb-5a77"
48 verbose lastModified Tue, 20 Mar 2018 19:32:27 GMT
49 http request GET https://registry.npmjs.org/font-awesome
50 verbose request uri https://registry.npmjs.org/jquery
51 verbose request no auth needed
52 info attempt registry request try #1 at 17:50:02
53 verbose etag "5aac9424-17db2"
54 verbose lastModified Sat, 17 Mar 2018 4:05:56 GMT
55 http request GET https://registry.npmjs.org/jquery
56 verbose request uri https://registry.npmjs.org/bootstrap
57 verbose request no auth needed
58 info attempt registry request try #1 at 17:50:02
59 verbose etag "5accdf04-17616"
60 verbose lastModified Tue, 10 Apr 2018 15:57:56 GMT
61 http request GET https://registry.npmjs.org/bootstrap
62 verbose request uri https://registry.npmjs.org/jquery.easing
63 verbose request no auth needed
64 info attempt registry request try #1 at 17:50:02
65 verbose etag "5a8dcd58-204f"
66 verbose lastModified Wed, 21 Feb 2018 19:49:44 GMT
67 http request GET https://registry.npmjs.org/jquery.easing
68 http 304 https://registry.npmjs.org/jquery.easing
69 verbose headers { date: 'Tue, 10 Apr 2018 16:50:02 GMT',
69 verbose headers   via: '1.1 varnish',
69 verbose headers   'cache-control': 'max-age=300',
69 verbose headers   etag: '"5a8dcd58-204f"',
69 verbose headers   age: '2277',
69 verbose headers   connection: 'keep-alive',
69 verbose headers   'x-served-by': 'cache-lcy19245-LCY',
69 verbose headers   'x-cache': 'HIT',
69 verbose headers   'x-cache-hits': '2',
69 verbose headers   'x-timer': 'S1523379003.899523,VS0,VE0',
69 verbose headers   vary: 'Accept-Encoding, Accept' }
70 silly get cb [ 304,
70 silly get   { date: 'Tue, 10 Apr 2018 16:50:02 GMT',
70 silly get     via: '1.1 varnish',
70 silly get     'cache-control': 'max-age=300',
70 silly get     etag: '"5a8dcd58-204f"',
70 silly get     age: '2277',
70 silly get     connection: 'keep-alive',
70 silly get     'x-served-by': 'cache-lcy19245-LCY',
70 silly get     'x-cache': 'HIT',
70 silly get     'x-cache-hits': '2',
70 silly get     'x-timer': 'S1523379003.899523,VS0,VE0',
70 silly get     vary: 'Accept-Encoding, Accept' } ]
71 verbose etag https://registry.npmjs.org/jquery.easing from cache
72 verbose get saving jquery.easing to /home/k1630513/.npm/registry.npmjs.org/jquery.easing/.cache.json
73 verbose correctMkdir /home/k1630513/.npm correctMkdir not in flight; initializing
74 http 304 https://registry.npmjs.org/jquery
75 verbose headers { date: 'Tue, 10 Apr 2018 16:50:02 GMT',
75 verbose headers   via: '1.1 varnish',
75 verbose headers   'cache-control': 'max-age=300',
75 verbose headers   etag: '"5aac9424-17db2"',
75 verbose headers   age: '12808',
75 verbose headers   connection: 'keep-alive',
75 verbose headers   'x-served-by': 'cache-lcy19247-LCY',
75 verbose headers   'x-cache': 'HIT',
75 verbose headers   'x-cache-hits': '83',
75 verbose headers   'x-timer': 'S1523379003.902283,VS0,VE0',
75 verbose headers   vary: 'Accept-Encoding, Accept' }
76 silly get cb [ 304,
76 silly get   { date: 'Tue, 10 Apr 2018 16:50:02 GMT',
76 silly get     via: '1.1 varnish',
76 silly get     'cache-control': 'max-age=300',
76 silly get     etag: '"5aac9424-17db2"',
76 silly get     age: '12808',
76 silly get     connection: 'keep-alive',
76 silly get     'x-served-by': 'cache-lcy19247-LCY',
76 silly get     'x-cache': 'HIT',
76 silly get     'x-cache-hits': '83',
76 silly get     'x-timer': 'S1523379003.902283,VS0,VE0',
76 silly get     vary: 'Accept-Encoding, Accept' } ]
77 verbose etag https://registry.npmjs.org/jquery from cache
78 verbose get saving jquery to /home/k1630513/.npm/registry.npmjs.org/jquery/.cache.json
79 verbose correctMkdir /home/k1630513/.npm correctMkdir already in flight; waiting
80 http 304 https://registry.npmjs.org/font-awesome
81 verbose headers { date: 'Tue, 10 Apr 2018 16:50:02 GMT',
81 verbose headers   via: '1.1 varnish',
81 verbose headers   'cache-control': 'max-age=300',
81 verbose headers   etag: '"5ab161cb-5a77"',
81 verbose headers   age: '5722',
81 verbose headers   connection: 'keep-alive',
81 verbose headers   'x-served-by': 'cache-lcy19243-LCY',
81 verbose headers   'x-cache': 'HIT',
81 verbose headers   'x-cache-hits': '6',
81 verbose headers   'x-timer': 'S1523379003.903088,VS0,VE0',
81 verbose headers   vary: 'Accept-Encoding, Accept' }
82 silly get cb [ 304,
82 silly get   { date: 'Tue, 10 Apr 2018 16:50:02 GMT',
82 silly get     via: '1.1 varnish',
82 silly get     'cache-control': 'max-age=300',
82 silly get     etag: '"5ab161cb-5a77"',
82 silly get     age: '5722',
82 silly get     connection: 'keep-alive',
82 silly get     'x-served-by': 'cache-lcy19243-LCY',
82 silly get     'x-cache': 'HIT',
82 silly get     'x-cache-hits': '6',
82 silly get     'x-timer': 'S1523379003.903088,VS0,VE0',
82 silly get     vary: 'Accept-Encoding, Accept' } ]
83 verbose etag https://registry.npmjs.org/font-awesome from cache
84 verbose get saving font-awesome to /home/k1630513/.npm/registry.npmjs.org/font-awesome/.cache.json
85 verbose correctMkdir /home/k1630513/.npm correctMkdir not in flight; initializing
86 http 304 https://registry.npmjs.org/bootstrap
87 verbose headers { date: 'Tue, 10 Apr 2018 16:50:02 GMT',
87 verbose headers   via: '1.1 varnish',
87 verbose headers   'cache-control': 'max-age=300',
87 verbose headers   etag: '"5accdf04-17616"',
87 verbose headers   age: '3061',
87 verbose headers   connection: 'keep-alive',
87 verbose headers   'x-served-by': 'cache-lcy19242-LCY',
87 verbose headers   'x-cache': 'HIT',
87 verbose headers   'x-cache-hits': '13',
87 verbose headers   'x-timer': 'S1523379003.906903,VS0,VE0',
87 verbose headers   vary: 'Accept-Encoding, Accept' }
88 silly get cb [ 304,
88 silly get   { date: 'Tue, 10 Apr 2018 16:50:02 GMT',
88 silly get     via: '1.1 varnish',
88 silly get     'cache-control': 'max-age=300',
88 silly get     etag: '"5accdf04-17616"',
88 silly get     age: '3061',
88 silly get     connection: 'keep-alive',
88 silly get     'x-served-by': 'cache-lcy19242-LCY',
88 silly get     'x-cache': 'HIT',
88 silly get     'x-cache-hits': '13',
88 silly get     'x-timer': 'S1523379003.906903,VS0,VE0',
88 silly get     vary: 'Accept-Encoding, Accept' } ]
89 verbose etag https://registry.npmjs.org/bootstrap from cache
90 verbose get saving bootstrap to /home/k1630513/.npm/registry.npmjs.org/bootstrap/.cache.json
91 verbose correctMkdir /home/k1630513/.npm correctMkdir not in flight; initializing
92 silly resolveWithNewModule jquery@3.3.1 checking installable status
93 silly cache add args [ 'jquery@3.3.1', null ]
94 verbose cache add spec jquery@3.3.1
95 silly cache add parsed spec Result {
95 silly cache add   raw: 'jquery@3.3.1',
95 silly cache add   scope: null,
95 silly cache add   escapedName: 'jquery',
95 silly cache add   name: 'jquery',
95 silly cache add   rawSpec: '3.3.1',
95 silly cache add   spec: '3.3.1',
95 silly cache add   type: 'version' }
96 silly addNamed jquery@3.3.1
97 verbose addNamed "3.3.1" is a plain semver version for jquery
98 silly mapToRegistry name jquery
99 silly mapToRegistry using default registry
100 silly mapToRegistry registry https://registry.npmjs.org/
101 silly mapToRegistry data Result {
101 silly mapToRegistry   raw: 'jquery',
101 silly mapToRegistry   scope: null,
101 silly mapToRegistry   escapedName: 'jquery',
101 silly mapToRegistry   name: 'jquery',
101 silly mapToRegistry   rawSpec: '',
101 silly mapToRegistry   spec: 'latest',
101 silly mapToRegistry   type: 'tag' }
102 silly mapToRegistry uri https://registry.npmjs.org/jquery
103 verbose addNameVersion registry:https://registry.npmjs.org/jquery not in flight; fetching
104 silly resolveWithNewModule font-awesome@4.7.0 checking installable status
105 silly cache add args [ 'font-awesome@4.7.0', null ]
106 verbose cache add spec font-awesome@4.7.0
107 silly cache add parsed spec Result {
107 silly cache add   raw: 'font-awesome@4.7.0',
107 silly cache add   scope: null,
107 silly cache add   escapedName: 'font-awesome',
107 silly cache add   name: 'font-awesome',
107 silly cache add   rawSpec: '4.7.0',
107 silly cache add   spec: '4.7.0',
107 silly cache add   type: 'version' }
108 silly addNamed font-awesome@4.7.0
109 verbose addNamed "4.7.0" is a plain semver version for font-awesome
110 silly mapToRegistry name font-awesome
111 silly mapToRegistry using default registry
112 silly mapToRegistry registry https://registry.npmjs.org/
113 silly mapToRegistry data Result {
113 silly mapToRegistry   raw: 'font-awesome',
113 silly mapToRegistry   scope: null,
113 silly mapToRegistry   escapedName: 'font-awesome',
113 silly mapToRegistry   name: 'font-awesome',
113 silly mapToRegistry   rawSpec: '',
113 silly mapToRegistry   spec: 'latest',
113 silly mapToRegistry   type: 'tag' }
114 silly mapToRegistry uri https://registry.npmjs.org/font-awesome
115 verbose addNameVersion registry:https://registry.npmjs.org/font-awesome not in flight; fetching
116 silly resolveWithNewModule bootstrap@4.0.0 checking installable status
117 silly cache add args [ 'bootstrap@4.0.0', null ]
118 verbose cache add spec bootstrap@4.0.0
119 silly cache add parsed spec Result {
119 silly cache add   raw: 'bootstrap@4.0.0',
119 silly cache add   scope: null,
119 silly cache add   escapedName: 'bootstrap',
119 silly cache add   name: 'bootstrap',
119 silly cache add   rawSpec: '4.0.0',
119 silly cache add   spec: '4.0.0',
119 silly cache add   type: 'version' }
120 silly addNamed bootstrap@4.0.0
121 verbose addNamed "4.0.0" is a plain semver version for bootstrap
122 silly mapToRegistry name bootstrap
123 silly mapToRegistry using default registry
124 silly mapToRegistry registry https://registry.npmjs.org/
125 silly mapToRegistry data Result {
125 silly mapToRegistry   raw: 'bootstrap',
125 silly mapToRegistry   scope: null,
125 silly mapToRegistry   escapedName: 'bootstrap',
125 silly mapToRegistry   name: 'bootstrap',
125 silly mapToRegistry   rawSpec: '',
125 silly mapToRegistry   spec: 'latest',
125 silly mapToRegistry   type: 'tag' }
126 silly mapToRegistry uri https://registry.npmjs.org/bootstrap
127 verbose addNameVersion registry:https://registry.npmjs.org/bootstrap not in flight; fetching
128 silly resolveWithNewModule jquery.easing@1.4.1 checking installable status
129 silly cache add args [ 'jquery.easing@^1.4.1', null ]
130 verbose cache add spec jquery.easing@^1.4.1
131 silly cache add parsed spec Result {
131 silly cache add   raw: 'jquery.easing@^1.4.1',
131 silly cache add   scope: null,
131 silly cache add   escapedName: 'jquery.easing',
131 silly cache add   name: 'jquery.easing',
131 silly cache add   rawSpec: '^1.4.1',
131 silly cache add   spec: '>=1.4.1 <2.0.0',
131 silly cache add   type: 'range' }
132 silly addNamed jquery.easing@>=1.4.1 <2.0.0
133 verbose addNamed ">=1.4.1 <2.0.0" is a valid semver range for jquery.easing
134 silly addNameRange { name: 'jquery.easing',
134 silly addNameRange   range: '>=1.4.1 <2.0.0',
134 silly addNameRange   hasData: false }
135 silly mapToRegistry name jquery.easing
136 silly mapToRegistry using default registry
137 silly mapToRegistry registry https://registry.npmjs.org/
138 silly mapToRegistry data Result {
138 silly mapToRegistry   raw: 'jquery.easing',
138 silly mapToRegistry   scope: null,
138 silly mapToRegistry   escapedName: 'jquery.easing',
138 silly mapToRegistry   name: 'jquery.easing',
138 silly mapToRegistry   rawSpec: '',
138 silly mapToRegistry   spec: 'latest',
138 silly mapToRegistry   type: 'tag' }
139 silly mapToRegistry uri https://registry.npmjs.org/jquery.easing
140 verbose addNameRange registry:https://registry.npmjs.org/jquery.easing not in flight; fetching
141 verbose request uri https://registry.npmjs.org/jquery
142 verbose request no auth needed
143 info attempt registry request try #1 at 17:50:02
144 verbose etag "5aac9424-17db2"
145 verbose lastModified Sat, 17 Mar 2018 4:05:56 GMT
146 http request GET https://registry.npmjs.org/jquery
147 verbose request uri https://registry.npmjs.org/font-awesome
148 verbose request no auth needed
149 info attempt registry request try #1 at 17:50:02
150 verbose etag "5ab161cb-5a77"
151 verbose lastModified Tue, 20 Mar 2018 19:32:27 GMT
152 http request GET https://registry.npmjs.org/font-awesome
153 verbose request uri https://registry.npmjs.org/bootstrap
154 verbose request no auth needed
155 info attempt registry request try #1 at 17:50:02
156 verbose etag "5accdf04-17616"
157 verbose lastModified Tue, 10 Apr 2018 15:57:56 GMT
158 http request GET https://registry.npmjs.org/bootstrap
159 http 304 https://registry.npmjs.org/font-awesome
160 verbose headers { date: 'Tue, 10 Apr 2018 16:50:02 GMT',
160 verbose headers   via: '1.1 varnish',
160 verbose headers   'cache-control': 'max-age=300',
160 verbose headers   etag: '"5ab161cb-5a77"',
160 verbose headers   age: '5722',
160 verbose headers   connection: 'keep-alive',
160 verbose headers   'x-served-by': 'cache-lcy19247-LCY',
160 verbose headers   'x-cache': 'HIT',
160 verbose headers   'x-cache-hits': '15',
160 verbose headers   'x-timer': 'S1523379003.948508,VS0,VE0',
160 verbose headers   vary: 'Accept-Encoding, Accept' }
161 silly get cb [ 304,
161 silly get   { date: 'Tue, 10 Apr 2018 16:50:02 GMT',
161 silly get     via: '1.1 varnish',
161 silly get     'cache-control': 'max-age=300',
161 silly get     etag: '"5ab161cb-5a77"',
161 silly get     age: '5722',
161 silly get     connection: 'keep-alive',
161 silly get     'x-served-by': 'cache-lcy19247-LCY',
161 silly get     'x-cache': 'HIT',
161 silly get     'x-cache-hits': '15',
161 silly get     'x-timer': 'S1523379003.948508,VS0,VE0',
161 silly get     vary: 'Accept-Encoding, Accept' } ]
162 verbose etag https://registry.npmjs.org/font-awesome from cache
163 verbose get saving font-awesome to /home/k1630513/.npm/registry.npmjs.org/font-awesome/.cache.json
164 verbose correctMkdir /home/k1630513/.npm correctMkdir not in flight; initializing
165 http 304 https://registry.npmjs.org/jquery
166 verbose headers { date: 'Tue, 10 Apr 2018 16:50:02 GMT',
166 verbose headers   via: '1.1 varnish',
166 verbose headers   'cache-control': 'max-age=300',
166 verbose headers   etag: '"5aac9424-17db2"',
166 verbose headers   age: '12808',
166 verbose headers   connection: 'keep-alive',
166 verbose headers   'x-served-by': 'cache-lcy19245-LCY',
166 verbose headers   'x-cache': 'HIT',
166 verbose headers   'x-cache-hits': '89',
166 verbose headers   'x-timer': 'S1523379003.949237,VS0,VE0',
166 verbose headers   vary: 'Accept-Encoding, Accept' }
167 silly get cb [ 304,
167 silly get   { date: 'Tue, 10 Apr 2018 16:50:02 GMT',
167 silly get     via: '1.1 varnish',
167 silly get     'cache-control': 'max-age=300',
167 silly get     etag: '"5aac9424-17db2"',
167 silly get     age: '12808',
167 silly get     connection: 'keep-alive',
167 silly get     'x-served-by': 'cache-lcy19245-LCY',
167 silly get     'x-cache': 'HIT',
167 silly get     'x-cache-hits': '89',
167 silly get     'x-timer': 'S1523379003.949237,VS0,VE0',
167 silly get     vary: 'Accept-Encoding, Accept' } ]
168 verbose etag https://registry.npmjs.org/jquery from cache
169 verbose get saving jquery to /home/k1630513/.npm/registry.npmjs.org/jquery/.cache.json
170 verbose correctMkdir /home/k1630513/.npm correctMkdir not in flight; initializing
171 verbose get https://registry.npmjs.org/jquery.easing not expired, no request
172 silly addNameRange number 2 { name: 'jquery.easing', range: '>=1.4.1 <2.0.0', hasData: true }
173 silly addNameRange versions [ 'jquery.easing',
173 silly addNameRange   [ '1.3.0', '1.3.1', '1.3.2', '1.4.0', '1.4.1' ] ]
174 silly addNamed jquery.easing@1.4.1
175 verbose addNamed "1.4.1" is a plain semver version for jquery.easing
176 http 304 https://registry.npmjs.org/bootstrap
177 verbose headers { date: 'Tue, 10 Apr 2018 16:50:02 GMT',
177 verbose headers   via: '1.1 varnish',
177 verbose headers   'cache-control': 'max-age=300',
177 verbose headers   etag: '"5accdf04-17616"',
177 verbose headers   age: '3062',
177 verbose headers   connection: 'keep-alive',
177 verbose headers   'x-served-by': 'cache-lcy19243-LCY',
177 verbose headers   'x-cache': 'HIT',
177 verbose headers   'x-cache-hits': '9',
177 verbose headers   'x-timer': 'S1523379003.951692,VS0,VE0',
177 verbose headers   vary: 'Accept-Encoding, Accept' }
178 silly get cb [ 304,
178 silly get   { date: 'Tue, 10 Apr 2018 16:50:02 GMT',
178 silly get     via: '1.1 varnish',
178 silly get     'cache-control': 'max-age=300',
178 silly get     etag: '"5accdf04-17616"',
178 silly get     age: '3062',
178 silly get     connection: 'keep-alive',
178 silly get     'x-served-by': 'cache-lcy19243-LCY',
178 silly get     'x-cache': 'HIT',
178 silly get     'x-cache-hits': '9',
178 silly get     'x-timer': 'S1523379003.951692,VS0,VE0',
178 silly get     vary: 'Accept-Encoding, Accept' } ]
179 verbose etag https://registry.npmjs.org/bootstrap from cache
180 verbose get saving bootstrap to /home/k1630513/.npm/registry.npmjs.org/bootstrap/.cache.json
181 verbose correctMkdir /home/k1630513/.npm correctMkdir not in flight; initializing
182 silly cache afterAdd jquery.easing@1.4.1
183 verbose afterAdd /home/k1630513/.npm/jquery.easing/1.4.1/package/package.json not in flight; writing
184 verbose correctMkdir /home/k1630513/.npm correctMkdir not in flight; initializing
185 silly mapToRegistry name jquery
186 silly mapToRegistry using default registry
187 silly mapToRegistry registry https://registry.npmjs.org/
188 silly mapToRegistry data Result {
188 silly mapToRegistry   raw: 'jquery',
188 silly mapToRegistry   scope: null,
188 silly mapToRegistry   escapedName: 'jquery',
188 silly mapToRegistry   name: 'jquery',
188 silly mapToRegistry   rawSpec: '',
188 silly mapToRegistry   spec: 'latest',
188 silly mapToRegistry   type: 'tag' }
189 silly mapToRegistry uri https://registry.npmjs.org/jquery
190 verbose addRemoteTarball https://registry.npmjs.org/jquery/-/jquery-3.3.1.tgz not in flight; adding
191 verbose addRemoteTarball [ 'https://registry.npmjs.org/jquery/-/jquery-3.3.1.tgz',
191 verbose addRemoteTarball   '958ce29e81c9790f31be7792df5d4d95fc57fbca' ]
192 info retry fetch attempt 1 at 17:50:02
193 info attempt registry request try #1 at 17:50:02
194 http fetch GET https://registry.npmjs.org/jquery/-/jquery-3.3.1.tgz
195 silly mapToRegistry name bootstrap
196 silly mapToRegistry using default registry
197 silly mapToRegistry registry https://registry.npmjs.org/
198 silly mapToRegistry data Result {
198 silly mapToRegistry   raw: 'bootstrap',
198 silly mapToRegistry   scope: null,
198 silly mapToRegistry   escapedName: 'bootstrap',
198 silly mapToRegistry   name: 'bootstrap',
198 silly mapToRegistry   rawSpec: '',
198 silly mapToRegistry   spec: 'latest',
198 silly mapToRegistry   type: 'tag' }
199 silly mapToRegistry uri https://registry.npmjs.org/bootstrap
200 verbose addRemoteTarball https://registry.npmjs.org/bootstrap/-/bootstrap-4.0.0.tgz not in flight; adding
201 verbose addRemoteTarball [ 'https://registry.npmjs.org/bootstrap/-/bootstrap-4.0.0.tgz',
201 verbose addRemoteTarball   'ceb03842c145fcc1b9b4e15da2a05656ba68469a' ]
202 info retry fetch attempt 1 at 17:50:02
203 info attempt registry request try #1 at 17:50:02
204 http fetch GET https://registry.npmjs.org/bootstrap/-/bootstrap-4.0.0.tgz
205 silly mapToRegistry name font-awesome
206 silly mapToRegistry using default registry
207 silly mapToRegistry registry https://registry.npmjs.org/
208 silly mapToRegistry data Result {
208 silly mapToRegistry   raw: 'font-awesome',
208 silly mapToRegistry   scope: null,
208 silly mapToRegistry   escapedName: 'font-awesome',
208 silly mapToRegistry   name: 'font-awesome',
208 silly mapToRegistry   rawSpec: '',
208 silly mapToRegistry   spec: 'latest',
208 silly mapToRegistry   type: 'tag' }
209 silly mapToRegistry uri https://registry.npmjs.org/font-awesome
210 verbose addRemoteTarball https://registry.npmjs.org/font-awesome/-/font-awesome-4.7.0.tgz not in flight; adding
211 verbose addRemoteTarball [ 'https://registry.npmjs.org/font-awesome/-/font-awesome-4.7.0.tgz',
211 verbose addRemoteTarball   '8fa8cf0411a1a31afd07b06d2902bb9fc815a133' ]
212 http fetch 200 https://registry.npmjs.org/jquery/-/jquery-3.3.1.tgz
213 http fetch 200 https://registry.npmjs.org/bootstrap/-/bootstrap-4.0.0.tgz
214 info retry fetch attempt 1 at 17:50:02
215 info attempt registry request try #1 at 17:50:02
216 http fetch GET https://registry.npmjs.org/font-awesome/-/font-awesome-4.7.0.tgz
217 verbose afterAdd /home/k1630513/.npm/jquery.easing/1.4.1/package/package.json written
218 http fetch 200 https://registry.npmjs.org/font-awesome/-/font-awesome-4.7.0.tgz
219 silly fetchAndShaCheck shasum 958ce29e81c9790f31be7792df5d4d95fc57fbca
220 verbose addTmpTarball /tmp/npm-16654-4d377450/registry.npmjs.org/jquery/-/jquery-3.3.1.tgz not in flight; adding
221 verbose addTmpTarball already have metadata; skipping unpack for jquery@3.3.1
222 verbose correctMkdir /home/k1630513/.npm correctMkdir not in flight; initializing
223 silly fetchAndShaCheck shasum 8fa8cf0411a1a31afd07b06d2902bb9fc815a133
224 verbose addTmpTarball /tmp/npm-16654-4d377450/registry.npmjs.org/font-awesome/-/font-awesome-4.7.0.tgz not in flight; adding
225 verbose addTmpTarball already have metadata; skipping unpack for font-awesome@4.7.0
226 verbose correctMkdir /home/k1630513/.npm correctMkdir not in flight; initializing
227 silly fetchAndShaCheck shasum ceb03842c145fcc1b9b4e15da2a05656ba68469a
228 verbose addTmpTarball /tmp/npm-16654-4d377450/registry.npmjs.org/bootstrap/-/bootstrap-4.0.0.tgz not in flight; adding
229 verbose addTmpTarball already have metadata; skipping unpack for bootstrap@4.0.0
230 verbose correctMkdir /home/k1630513/.npm correctMkdir not in flight; initializing
231 silly rollbackFailedOptional Starting
232 silly rollbackFailedOptional Finishing
233 silly runTopLevelLifecycles Finishing
234 silly install printInstalled
235 verbose stack Error: Unknown system error -122: Unknown system error -122, write
235 verbose stack     at Error (native)
236 verbose cwd /home/k1630513/Documents/kclcysoc
237 error Linux 3.10.0-693.21.1.el7.x86_64
238 error argv "/usr/bin/node" "/usr/bin/npm" "install"
239 error node v6.12.3
240 error npm  v3.10.10
241 error code Unknown system error -122
242 error errno -122
243 error syscall write
244 error Unknown system error -122: Unknown system error -122, write
245 error If you need help, you may report this error at:
245 error     <https://github.com/npm/npm/issues>
246 verbose exit [ -122, true ]
